<?xml version="1.0" encoding="UTF-8"?>
<testng-results ignored="0" total="1" passed="1" failed="0" skipped="0">
  <reporter-output>
    <line>
      <![CDATA[Harry]]>
    </line>
    <line>
      <![CDATA[Harry]]>
    </line>
    <line>
      <![CDATA[Hari]]>
    </line>
    <line>
      <![CDATA[ 567889]]>
    </line>
  </reporter-output>
  <suite started-at="2025-07-28T09:42:36 IST" name="RegressionSuite" finished-at="2025-07-28T09:42:43 IST" duration-ms="6695">
    <groups>
    </groups>
    <test started-at="2025-07-28T09:42:36 IST" name="Test" finished-at="2025-07-28T09:42:43 IST" duration-ms="6695">
      <class name="producttest.TeamATest">
        <test-method is-config="true" signature="browserSetup(java.lang.String)[pri:0, instance:producttest.TeamATest@587e5365]" started-at="2025-07-28T09:42:36 IST" name="browserSetup" finished-at="2025-07-28T09:42:40 IST" duration-ms="3519" status="PASS">
          <params>
            <param index="0">
              <value>
                <![CDATA[edge]]>
              </value>
            </param>
          </params>
          <reporter-output>
          </reporter-output>
        </test-method> <!-- browserSetup -->
        <test-method is-config="true" signature="login()[pri:0, instance:producttest.TeamATest@587e5365]" started-at="2025-07-28T09:42:41 IST" name="login" finished-at="2025-07-28T09:42:41 IST" duration-ms="478" status="PASS">
          <reporter-output>
          </reporter-output>
        </test-method> <!-- login -->
        <test-method signature="Harry(java.lang.String,java.lang.String,java.lang.String)[pri:0, instance:producttest.TeamATest@587e5365]" started-at="2025-07-28T09:42:41 IST" name="Harry" data-provider="checkOutInfo" finished-at="2025-07-28T09:42:41 IST" duration-ms="15" status="PASS">
          <params>
            <param index="0">
              <value>
                <![CDATA[Harry]]>
              </value>
            </param>
            <param index="1">
              <value>
                <![CDATA[Hari]]>
              </value>
            </param>
            <param index="2">
              <value>
                <![CDATA[ 567889]]>
              </value>
            </param>
          </params>
          <reporter-output>
            <line>
              <![CDATA[Harry]]>
            </line>
            <line>
              <![CDATA[Harry]]>
            </line>
            <line>
              <![CDATA[Hari]]>
            </line>
            <line>
              <![CDATA[ 567889]]>
            </line>
          </reporter-output>
        </test-method> <!-- Harry -->
        <test-method is-config="true" signature="logout()[pri:0, instance:producttest.TeamATest@587e5365]" started-at="2025-07-28T09:42:42 IST" name="logout" finished-at="2025-07-28T09:42:42 IST" duration-ms="642" status="PASS">
          <reporter-output>
          </reporter-output>
        </test-method> <!-- logout -->
        <test-method is-config="true" signature="browserTerminate()[pri:0, instance:producttest.TeamATest@587e5365]" started-at="2025-07-28T09:42:42 IST" name="browserTerminate" finished-at="2025-07-28T09:42:43 IST" duration-ms="857" status="PASS">
          <reporter-output>
          </reporter-output>
        </test-method> <!-- browserTerminate -->
      </class> <!-- producttest.TeamATest -->
    </test> <!-- Test -->
  </suite> <!-- RegressionSuite -->
</testng-results>
