<?xml version="1.0" encoding="UTF-8"?>
<!-- Generated by org.testng.reporters.JUnitXMLReporter -->
<testsuite ignored="0" hostname="Harry" failures="0" tests="3" name="Test" time="5.748" errors="0" timestamp="2025-07-31T11:04:28 IST">
  <testcase classname="producttest.TeamATest" name="VerifyPrd_1" time="0.172"/>
  <testcase classname="producttest.TeamATest" name="VerifyPrd_2" time="0.003"/>
  <testcase classname="producttest.TeamATest" name="VerifyPrd_3" time="0.004"/>
</testsuite> <!-- Test -->
